1674408051657	geckodriver	INFO	Listening on 127.0.0.1:63791
1674408054701	mozrunner::runner	INFO	Running command: "C:\\Program Files\\Mozilla Firefox\\firefox.exe" "--marionette" "-no-remote" "-profile" "C:\\Users\\jpvil\\AppData\\Local\\Temp\\rust_mozprofileW0xgR8"
1674408055153	Marionette	INFO	Marionette enabled
Dynamically enable window occlusion 0
1674408055158	Marionette	INFO	Listening on port 63801
Read port: 63801
1674408055623	RemoteAgent	WARN	TLS certificate errors will be ignored for this session
console.warn: SearchSettings: "get: No settings file exists, new profile?" (new NotFoundError("Could not open the file at C:\\Users\\jpvil\\AppData\\Local\\Temp\\rust_mozprofileW0xgR8\\search.json.mozlz4", (void 0)))
1674408267280	geckodriver	INFO	Listening on 127.0.0.1:64144
1674408270332	mozrunner::runner	INFO	Running command: "C:\\Program Files\\Mozilla Firefox\\firefox.exe" "--marionette" "-no-remote" "-profile" "C:\\Users\\jpvil\\AppData\\Local\\Temp\\rust_mozprofileZQyukG"
1674408270675	Marionette	INFO	Marionette enabled
Dynamically enable window occlusion 0
1674408270680	Marionette	INFO	Listening on port 64155
Read port: 64155
1674408270982	RemoteAgent	WARN	TLS certificate errors will be ignored for this session
console.warn: SearchSettings: "get: No settings file exists, new profile?" (new NotFoundError("Could not open the file at C:\\Users\\jpvil\\AppData\\Local\\Temp\\rust_mozprofileZQyukG\\search.json.mozlz4", (void 0)))
1674408333649	geckodriver	INFO	Listening on 127.0.0.1:64223
1674408336734	mozrunner::runner	INFO	Running command: "C:\\Program Files\\Mozilla Firefox\\firefox.exe" "--marionette" "-no-remote" "-profile" "C:\\Users\\jpvil\\AppData\\Local\\Temp\\rust_mozprofilegY6e5M"
1674408337067	Marionette	INFO	Marionette enabled
Dynamically enable window occlusion 0
1674408337071	Marionette	INFO	Listening on port 64234
Read port: 64234
1674408337406	RemoteAgent	WARN	TLS certificate errors will be ignored for this session
console.warn: SearchSettings: "get: No settings file exists, new profile?" (new NotFoundError("Could not open the file at C:\\Users\\jpvil\\AppData\\Local\\Temp\\rust_mozprofilegY6e5M\\search.json.mozlz4", (void 0)))
JavaScript error: , line 0: NS_ERROR_NOT_AVAILABLE
1674433709599	geckodriver	INFO	Listening on 127.0.0.1:63826
1674433712653	mozrunner::runner	INFO	Running command: "C:\\Program Files\\Mozilla Firefox\\firefox.exe" "--marionette" "-no-remote" "-profile" "C:\\Users\\jpvil\\AppData\\Local\\Temp\\rust_mozprofileLUhQkN"
1674433713092	Marionette	INFO	Marionette enabled
Dynamically enable window occlusion 0
1674433713097	Marionette	INFO	Listening on port 63839
Read port: 63839
1674433713384	RemoteAgent	WARN	TLS certificate errors will be ignored for this session
console.warn: SearchSettings: "get: No settings file exists, new profile?" (new NotFoundError("Could not open the file at C:\\Users\\jpvil\\AppData\\Local\\Temp\\rust_mozprofileLUhQkN\\search.json.mozlz4", (void 0)))
1674433811592	geckodriver	INFO	Listening on 127.0.0.1:63966
1674433814607	mozrunner::runner	INFO	Running command: "C:\\Program Files\\Mozilla Firefox\\firefox.exe" "--marionette" "-no-remote" "-profile" "C:\\Users\\jpvil\\AppData\\Local\\Temp\\rust_mozprofileinp7co"
1674433814925	Marionette	INFO	Marionette enabled
Dynamically enable window occlusion 0
1674433814929	Marionette	INFO	Listening on port 63980
Read port: 63980
1674433815218	RemoteAgent	WARN	TLS certificate errors will be ignored for this session
console.warn: SearchSettings: "get: No settings file exists, new profile?" (new NotFoundError("Could not open the file at C:\\Users\\jpvil\\AppData\\Local\\Temp\\rust_mozprofileinp7co\\search.json.mozlz4", (void 0)))
JavaScript error: , line 0: NS_ERROR_NOT_AVAILABLE
1674435554045	geckodriver	INFO	Listening on 127.0.0.1:65112
1674435557076	mozrunner::runner	INFO	Running command: "C:\\Program Files\\Mozilla Firefox\\firefox.exe" "--marionette" "-no-remote" "-profile" "C:\\Users\\jpvil\\AppData\\Local\\Temp\\rust_mozprofilehEXJVp"
1674435557410	Marionette	INFO	Marionette enabled
Dynamically enable window occlusion 0
1674435557415	Marionette	INFO	Listening on port 65124
Read port: 65124
1674435557694	RemoteAgent	WARN	TLS certificate errors will be ignored for this session
console.warn: SearchSettings: "get: No settings file exists, new profile?" (new NotFoundError("Could not open the file at C:\\Users\\jpvil\\AppData\\Local\\Temp\\rust_mozprofilehEXJVp\\search.json.mozlz4", (void 0)))
1674435608902	geckodriver	INFO	Listening on 127.0.0.1:65173
1674435611971	mozrunner::runner	INFO	Running command: "C:\\Program Files\\Mozilla Firefox\\firefox.exe" "--marionette" "-no-remote" "-profile" "C:\\Users\\jpvil\\AppData\\Local\\Temp\\rust_mozprofileOuYCJI"
1674435612285	Marionette	INFO	Marionette enabled
Dynamically enable window occlusion 0
1674435612290	Marionette	INFO	Listening on port 65189
Read port: 65189
1674435612621	RemoteAgent	WARN	TLS certificate errors will be ignored for this session
console.warn: SearchSettings: "get: No settings file exists, new profile?" (new NotFoundError("Could not open the file at C:\\Users\\jpvil\\AppData\\Local\\Temp\\rust_mozprofileOuYCJI\\search.json.mozlz4", (void 0)))
1674435666048	geckodriver	INFO	Listening on 127.0.0.1:65259
1674435669097	mozrunner::runner	INFO	Running command: "C:\\Program Files\\Mozilla Firefox\\firefox.exe" "--marionette" "-no-remote" "-profile" "C:\\Users\\jpvil\\AppData\\Local\\Temp\\rust_mozprofileSIwFLE"
1674435669407	Marionette	INFO	Marionette enabled
Dynamically enable window occlusion 0
1674435669412	Marionette	INFO	Listening on port 65272
Read port: 65272
1674435669731	RemoteAgent	WARN	TLS certificate errors will be ignored for this session
console.warn: SearchSettings: "get: No settings file exists, new profile?" (new NotFoundError("Could not open the file at C:\\Users\\jpvil\\AppData\\Local\\Temp\\rust_mozprofileSIwFLE\\search.json.mozlz4", (void 0)))
1674435721801	geckodriver	INFO	Listening on 127.0.0.1:65344
1674435724879	mozrunner::runner	INFO	Running command: "C:\\Program Files\\Mozilla Firefox\\firefox.exe" "--marionette" "-no-remote" "-profile" "C:\\Users\\jpvil\\AppData\\Local\\Temp\\rust_mozprofile27CEw8"
1674435725216	Marionette	INFO	Marionette enabled
Dynamically enable window occlusion 0
1674435725221	Marionette	INFO	Listening on port 65362
Read port: 65362
1674435725549	RemoteAgent	WARN	TLS certificate errors will be ignored for this session
console.warn: SearchSettings: "get: No settings file exists, new profile?" (new NotFoundError("Could not open the file at C:\\Users\\jpvil\\AppData\\Local\\Temp\\rust_mozprofile27CEw8\\search.json.mozlz4", (void 0)))
1674435783971	geckodriver	INFO	Listening on 127.0.0.1:65422
1674435787007	mozrunner::runner	INFO	Running command: "C:\\Program Files\\Mozilla Firefox\\firefox.exe" "--marionette" "-no-remote" "-profile" "C:\\Users\\jpvil\\AppData\\Local\\Temp\\rust_mozprofileNbfXzJ"
1674435787313	Marionette	INFO	Marionette enabled
Dynamically enable window occlusion 0
1674435787318	Marionette	INFO	Listening on port 65438
Read port: 65438
1674435787604	RemoteAgent	WARN	TLS certificate errors will be ignored for this session
console.warn: SearchSettings: "get: No settings file exists, new profile?" (new NotFoundError("Could not open the file at C:\\Users\\jpvil\\AppData\\Local\\Temp\\rust_mozprofileNbfXzJ\\search.json.mozlz4", (void 0)))
1674435851413	geckodriver	INFO	Listening on 127.0.0.1:65512
1674435854486	mozrunner::runner	INFO	Running command: "C:\\Program Files\\Mozilla Firefox\\firefox.exe" "--marionette" "-no-remote" "-profile" "C:\\Users\\jpvil\\AppData\\Local\\Temp\\rust_mozprofileJ9cHTB"
1674435854797	Marionette	INFO	Marionette enabled
Dynamically enable window occlusion 0
1674435854801	Marionette	INFO	Listening on port 65529
Read port: 65529
1674435855130	RemoteAgent	WARN	TLS certificate errors will be ignored for this session
console.warn: SearchSettings: "get: No settings file exists, new profile?" (new NotFoundError("Could not open the file at C:\\Users\\jpvil\\AppData\\Local\\Temp\\rust_mozprofileJ9cHTB\\search.json.mozlz4", (void 0)))
1674435918171	geckodriver	INFO	Listening on 127.0.0.1:49207
1674435921268	mozrunner::runner	INFO	Running command: "C:\\Program Files\\Mozilla Firefox\\firefox.exe" "--marionette" "-no-remote" "-profile" "C:\\Users\\jpvil\\AppData\\Local\\Temp\\rust_mozprofilenPc2oZ"
1674435921578	Marionette	INFO	Marionette enabled
Dynamically enable window occlusion 0
1674435921584	Marionette	INFO	Listening on port 49223
Read port: 49223
1674435921869	RemoteAgent	WARN	TLS certificate errors will be ignored for this session
console.warn: SearchSettings: "get: No settings file exists, new profile?" (new NotFoundError("Could not open the file at C:\\Users\\jpvil\\AppData\\Local\\Temp\\rust_mozprofilenPc2oZ\\search.json.mozlz4", (void 0)))
1674436068114	geckodriver	INFO	Listening on 127.0.0.1:49903
1674436071157	mozrunner::runner	INFO	Running command: "C:\\Program Files\\Mozilla Firefox\\firefox.exe" "--marionette" "-no-remote" "-profile" "C:\\Users\\jpvil\\AppData\\Local\\Temp\\rust_mozprofileZkLXBv"
1674436071502	Marionette	INFO	Marionette enabled
Dynamically enable window occlusion 0
1674436071507	Marionette	INFO	Listening on port 49913
Read port: 49913
1674436071797	RemoteAgent	WARN	TLS certificate errors will be ignored for this session
console.warn: SearchSettings: "get: No settings file exists, new profile?" (new NotFoundError("Could not open the file at C:\\Users\\jpvil\\AppData\\Local\\Temp\\rust_mozprofileZkLXBv\\search.json.mozlz4", (void 0)))
1674436074980	Marionette	INFO	Stopped listening on port 49913
Dynamically enable window occlusion 1
JavaScript error: chrome://remote/content/marionette/cert.sys.mjs, line 51: NS_ERROR_NOT_AVAILABLE: Component returned failure code: 0x80040111 (NS_ERROR_NOT_AVAILABLE) [nsICertOverrideService.setDisableAllSecurityChecksAndLetAttackersInterceptMyData]
WARNING: A blocker encountered an error while we were waiting.
          Blocker:  Waiting for ping task
          Phase: TelemetryController: Waiting for pending ping activity
          State: (none)
WARNING: Error: Phase "profile-before-change" is finished, it is too late to register completion condition "OS.File: flush I/O queued before profileBeforeChange"
WARNING: addBlocker@resource://gre/modules/AsyncShutdown.jsm:718:15
addBlocker@resource://gre/modules/AsyncShutdown.jsm:523:26
addBlocker@resource://gre/modules/AsyncShutdown.jsm:462:15
setupShutdown@resource://gre/modules/osfile/osfile_async_front.jsm:1548:28
@resource://gre/modules/osfile/osfile_async_front.jsm:1568:16
@resource://gre/modules/osfile.jsm:12:30
@resource://gre/modules/TelemetryStorage.jsm:19:28
promiseArchivePing@resource://gre/modules/TelemetryArchive.jsm:103:5
promiseArchivePing@resource://gre/modules/TelemetryArchive.jsm:63:33
_submitPingLogic@resource://gre/modules/TelemetryControllerParent.jsm:540:48
send@resource://gre/modules/TelemetryControllerParent.jsm:628:24
submitExternalPing@resource://gre/modules/TelemetryControllerParent.jsm:182:17
sendPing@resource://gre/modules/EventPing.jsm:51:30
_submitPing@resource://gre/modules/EventPing.jsm:229:12
shutdown@resource://gre/modules/EventPing.jsm:112:10
_cleanupOnShutdown@resource://gre/modules/TelemetryControllerParent.jsm:940:31
shutdown/<@resource://gre/modules/TelemetryControllerParent.jsm:1010:24
observe@resource://gre/modules/AsyncShutdown.jsm:572:16

WARNING: A blocker encountered an error while we were waiting.
          Blocker:  Waiting for ping task
          Phase: TelemetryController: Waiting for pending ping activity
          State: (none)
WARNING: Error: Phase "profile-before-change" is finished, it is too late to register completion condition "OS.File: flush I/O queued before profileBeforeChange"
WARNING: addBlocker@resource://gre/modules/AsyncShutdown.jsm:718:15
addBlocker@resource://gre/modules/AsyncShutdown.jsm:523:26
addBlocker@resource://gre/modules/AsyncShutdown.jsm:462:15
setupShutdown@resource://gre/modules/osfile/osfile_async_front.jsm:1548:28
@resource://gre/modules/osfile/osfile_async_front.jsm:1568:16
@resource://gre/modules/osfile.jsm:12:30
@resource://gre/modules/TelemetryStorage.jsm:19:28
promiseArchivePing@resource://gre/modules/TelemetryArchive.jsm:103:5
promiseArchivePing@resource://gre/modules/TelemetryArchive.jsm:63:33
_submitPingLogic@resource://gre/modules/TelemetryControllerParent.jsm:540:48
send@resource://gre/modules/TelemetryControllerParent.jsm:628:24
submitExternalPing@resource://gre/modules/TelemetryControllerParent.jsm:182:17
saveShutdownPings@resource://gre/modules/TelemetrySession.jsm:982:34
shutdownChromeProcess/cleanup/<@resource://gre/modules/TelemetrySession.jsm:1232:20
cleanup@resource://gre/modules/TelemetrySession.jsm:1239:9
shutdownChromeProcess@resource://gre/modules/TelemetrySession.jsm:1256:14
shutdown@resource://gre/modules/TelemetrySession.jsm:247:17
_cleanupOnShutdown@resource://gre/modules/TelemetryControllerParent.jsm:959:35
observe@resource://gre/modules/AsyncShutdown.jsm:572:16

WARNING: A blocker encountered an error while we were waiting.
          Blocker:  Waiting for ping task
          Phase: TelemetryController: Waiting for pending ping activity
          State: (none)
WARNING: Error: Phase "profile-before-change" is finished, it is too late to register completion condition "OS.File: flush I/O queued before profileBeforeChange"
WARNING: addBlocker@resource://gre/modules/AsyncShutdown.jsm:718:15
addBlocker@resource://gre/modules/AsyncShutdown.jsm:523:26
addBlocker@resource://gre/modules/AsyncShutdown.jsm:462:15
setupShutdown@resource://gre/modules/osfile/osfile_async_front.jsm:1548:28
@resource://gre/modules/osfile/osfile_async_front.jsm:1568:16
@resource://gre/modules/osfile.jsm:12:30
@resource://gre/modules/TelemetryStorage.jsm:19:28
promiseArchivePing@resource://gre/modules/TelemetryArchive.jsm:103:5
promiseArchivePing@resource://gre/modules/TelemetryArchive.jsm:63:33
_submitPingLogic@resource://gre/modules/TelemetryControllerParent.jsm:540:48
send@resource://gre/modules/TelemetryControllerParent.jsm:628:24
submitExternalPing@resource://gre/modules/TelemetryControllerParent.jsm:182:17
saveShutdownPings@resource://gre/modules/TelemetrySession.jsm:1014:36
shutdownChromeProcess/cleanup/<@resource://gre/modules/TelemetrySession.jsm:1232:20
cleanup@resource://gre/modules/TelemetrySession.jsm:1239:9
shutdownChromeProcess@resource://gre/modules/TelemetrySession.jsm:1256:14
shutdown@resource://gre/modules/TelemetrySession.jsm:247:17
_cleanupOnShutdown@resource://gre/modules/TelemetryControllerParent.jsm:959:35
observe@resource://gre/modules/AsyncShutdown.jsm:572:16

WARNING: A blocker encountered an error while we were waiting.
          Blocker:  TelemetryController: shutting down
          Phase: profile-before-change-telemetry
          State: Error getting state: Error: Phase "profile-before-change" is finished, it is too late to register completion condition "OS.File: flush I/O queued before profileBeforeChange" at addBlocker@resource://gre/modules/AsyncShutdown.jsm:718:15
addBlocker@resource://gre/modules/AsyncShutdown.jsm:523:26
addBlocker@resource://gre/modules/AsyncShutdown.jsm:462:15
setupShutdown@resource://gre/modules/osfile/osfile_async_front.jsm:1548:28
@resource://gre/modules/osfile/osfile_async_front.jsm:1568:16
@resource://gre/modules/osfile.jsm:12:30
@resource://gre/modules/TelemetryStorage.jsm:19:28
getShutdownState@resource://gre/modules/TelemetrySend.jsm:1692:7
getShutdownState@resource://gre/modules/TelemetrySend.jsm:374:30
_getState@resource://gre/modules/TelemetryControllerParent.jsm:1058:38
setupTelemetry/<@resource://gre/modules/TelemetryControllerParent.jsm:917:18
safeGetState@resource://gre/modules/AsyncShutdown.jsm:254:17
Barrier/_internalAddBlocker/promise<@resource://gre/modules/AsyncShutdown.jsm:773:20
observe@resource://gre/modules/AsyncShutdown.jsm:572:16

WARNING: Error: Phase "profile-before-change" is finished, it is too late to register completion condition "OS.File: flush I/O queued before profileBeforeChange"
WARNING: addBlocker@resource://gre/modules/AsyncShutdown.jsm:718:15
addBlocker@resource://gre/modules/AsyncShutdown.jsm:523:26
addBlocker@resource://gre/modules/AsyncShutdown.jsm:462:15
setupShutdown@resource://gre/modules/osfile/osfile_async_front.jsm:1548:28
@resource://gre/modules/osfile/osfile_async_front.jsm:1568:16
@resource://gre/modules/osfile.jsm:12:30
@resource://gre/modules/TelemetryStorage.jsm:19:28
removeAbortedSessionPing@resource://gre/modules/TelemetryControllerParent.jsm:721:5
removeAbortedSessionPing@resource://gre/modules/TelemetryControllerParent.jsm:249:17
shutdownChromeProcess/cleanup/<@resource://gre/modules/TelemetrySession.jsm:1235:42
observe@resource://gre/modules/AsyncShutdown.jsm:572:16

JavaScript error: resource://gre/modules/AsyncShutdown.jsm, line 718: Error: Phase "profile-before-change" is finished, it is too late to register completion condition "OS.File: flush I/O queued before profileBeforeChange"
JavaScript error: resource://gre/modules/AsyncShutdown.jsm, line 718: Error: Phase "profile-before-change" is finished, it is too late to register completion condition "OS.File: flush I/O queued before profileBeforeChange"
JavaScript error: resource://gre/modules/AsyncShutdown.jsm, line 718: Error: Phase "profile-before-change" is finished, it is too late to register completion condition "OS.File: flush I/O queued before profileBeforeChange"
JavaScript error: resource://gre/modules/AsyncShutdown.jsm, line 718: Error: Phase "profile-before-change" is finished, it is too late to register completion condition "OS.File: flush I/O queued before profileBeforeChange"
JavaScript error: resource://gre/modules/AsyncShutdown.jsm, line 718: Error: Phase "profile-before-change" is finished, it is too late to register completion condition "OS.File: flush I/O queued before profileBeforeChange"
JavaScript error: resource://gre/modules/AsyncShutdown.jsm, line 718: Error: Phase "profile-before-change" is finished, it is too late to register completion condition "OS.File: flush I/O queued before profileBeforeChange"
1674436093940	geckodriver	INFO	Listening on 127.0.0.1:49950
1674436096970	mozrunner::runner	INFO	Running command: "C:\\Program Files\\Mozilla Firefox\\firefox.exe" "--marionette" "-no-remote" "-profile" "C:\\Users\\jpvil\\AppData\\Local\\Temp\\rust_mozprofileoxM4Yg"
1674436097350	Marionette	INFO	Marionette enabled
Dynamically enable window occlusion 0
1674436097354	Marionette	INFO	Listening on port 49963
Read port: 49963
1674436097639	RemoteAgent	WARN	TLS certificate errors will be ignored for this session
console.warn: SearchSettings: "get: No settings file exists, new profile?" (new NotFoundError("Could not open the file at C:\\Users\\jpvil\\AppData\\Local\\Temp\\rust_mozprofileoxM4Yg\\search.json.mozlz4", (void 0)))
1674436141441	geckodriver	INFO	Listening on 127.0.0.1:50027
1674436144518	mozrunner::runner	INFO	Running command: "C:\\Program Files\\Mozilla Firefox\\firefox.exe" "--marionette" "-no-remote" "-profile" "C:\\Users\\jpvil\\AppData\\Local\\Temp\\rust_mozprofileihZHeK"
1674436144826	Marionette	INFO	Marionette enabled
Dynamically enable window occlusion 0
1674436144831	Marionette	INFO	Listening on port 50044
Read port: 50044
1674436145163	RemoteAgent	WARN	TLS certificate errors will be ignored for this session
console.warn: SearchSettings: "get: No settings file exists, new profile?" (new NotFoundError("Could not open the file at C:\\Users\\jpvil\\AppData\\Local\\Temp\\rust_mozprofileihZHeK\\search.json.mozlz4", (void 0)))
1674436410307	geckodriver	INFO	Listening on 127.0.0.1:50386
1674436413358	mozrunner::runner	INFO	Running command: "C:\\Program Files\\Mozilla Firefox\\firefox.exe" "--marionette" "-no-remote" "-profile" "C:\\Users\\jpvil\\AppData\\Local\\Temp\\rust_mozprofileh0tth8"
1674436413703	Marionette	INFO	Marionette enabled
Dynamically enable window occlusion 0
1674436413707	Marionette	INFO	Listening on port 50397
Read port: 50397
1674436413992	RemoteAgent	WARN	TLS certificate errors will be ignored for this session
console.warn: SearchSettings: "get: No settings file exists, new profile?" (new NotFoundError("Could not open the file at C:\\Users\\jpvil\\AppData\\Local\\Temp\\rust_mozprofileh0tth8\\search.json.mozlz4", (void 0)))
1674436898789	geckodriver	INFO	Listening on 127.0.0.1:53126
1674436901856	mozrunner::runner	INFO	Running command: "C:\\Program Files\\Mozilla Firefox\\firefox.exe" "--marionette" "-no-remote" "-profile" "C:\\Users\\jpvil\\AppData\\Local\\Temp\\rust_mozprofileialYKE"
1674436902213	Marionette	INFO	Marionette enabled
Dynamically enable window occlusion 0
1674436902217	Marionette	INFO	Listening on port 53142
Read port: 53142
1674436902511	RemoteAgent	WARN	TLS certificate errors will be ignored for this session
console.warn: SearchSettings: "get: No settings file exists, new profile?" (new NotFoundError("Could not open the file at C:\\Users\\jpvil\\AppData\\Local\\Temp\\rust_mozprofileialYKE\\search.json.mozlz4", (void 0)))
1674436997564	geckodriver	INFO	Listening on 127.0.0.1:53217
1674437000649	mozrunner::runner	INFO	Running command: "C:\\Program Files\\Mozilla Firefox\\firefox.exe" "--marionette" "-no-remote" "-profile" "C:\\Users\\jpvil\\AppData\\Local\\Temp\\rust_mozprofile3fDqj9"
1674437000982	Marionette	INFO	Marionette enabled
Dynamically enable window occlusion 0
1674437000986	Marionette	INFO	Listening on port 53228
Read port: 53228
1674437001264	RemoteAgent	WARN	TLS certificate errors will be ignored for this session
console.warn: SearchSettings: "get: No settings file exists, new profile?" (new NotFoundError("Could not open the file at C:\\Users\\jpvil\\AppData\\Local\\Temp\\rust_mozprofile3fDqj9\\search.json.mozlz4", (void 0)))
JavaScript error: , line 0: NS_ERROR_NOT_AVAILABLE
1674461445909	geckodriver	INFO	Listening on 127.0.0.1:55633
1674461448946	mozrunner::runner	INFO	Running command: "C:\\Program Files\\Mozilla Firefox\\firefox.exe" "--marionette" "-no-remote" "-profile" "C:\\Users\\jpvil\\AppData\\Local\\Temp\\rust_mozprofileMqvAv8"
1674461449276	Marionette	INFO	Marionette enabled
Dynamically enable window occlusion 0
1674461449282	Marionette	INFO	Listening on port 55649
Read port: 55649
1674461449720	RemoteAgent	WARN	TLS certificate errors will be ignored for this session
console.warn: SearchSettings: "get: No settings file exists, new profile?" (new NotFoundError("Could not open the file at C:\\Users\\jpvil\\AppData\\Local\\Temp\\rust_mozprofileMqvAv8\\search.json.mozlz4", (void 0)))
1674461488038	geckodriver	INFO	Listening on 127.0.0.1:55718
1674461491108	mozrunner::runner	INFO	Running command: "C:\\Program Files\\Mozilla Firefox\\firefox.exe" "--marionette" "-no-remote" "-profile" "C:\\Users\\jpvil\\AppData\\Local\\Temp\\rust_mozprofilenYkokJ"
1674461491413	Marionette	INFO	Marionette enabled
Dynamically enable window occlusion 0
1674461491417	Marionette	INFO	Listening on port 55729
Read port: 55729
1674461491701	RemoteAgent	WARN	TLS certificate errors will be ignored for this session
console.warn: SearchSettings: "get: No settings file exists, new profile?" (new NotFoundError("Could not open the file at C:\\Users\\jpvil\\AppData\\Local\\Temp\\rust_mozprofilenYkokJ\\search.json.mozlz4", (void 0)))
JavaScript error: , line 0: NS_ERROR_NOT_AVAILABLE
1674478892609	geckodriver	INFO	Listening on 127.0.0.1:61892
1674478895706	mozrunner::runner	INFO	Running command: "C:\\Program Files\\Mozilla Firefox\\firefox.exe" "--marionette" "-no-remote" "-profile" "C:\\Users\\jpvil\\AppData\\Local\\Temp\\rust_mozprofile4ciDFX"
1674478896296	Marionette	INFO	Marionette enabled
Dynamically enable window occlusion 0
1674478896303	Marionette	INFO	Listening on port 61910
Read port: 61910
1674478896699	RemoteAgent	WARN	TLS certificate errors will be ignored for this session
console.warn: SearchSettings: "get: No settings file exists, new profile?" (new NotFoundError("Could not open the file at C:\\Users\\jpvil\\AppData\\Local\\Temp\\rust_mozprofile4ciDFX\\search.json.mozlz4", (void 0)))
JavaScript error: , line 0: NS_ERROR_NOT_AVAILABLE
JavaScript error: , line 0: NS_ERROR_NOT_AVAILABLE
 command: "C:\\Program Files\\Mozilla Firefox\\firefox.exe" "--marionette" "-no-remote" "-profile" "C:\\Users\\jpvil\\AppData\\Local\\Temp\\rust_mozprofilenf3MsQ"
1674478915261	Marionette	INFO	Marionette enabled
Dynamically enable window occlusion 0
1674478915267	Marionette	INFO	Listening on port 61982
Read port: 61982
1674478915385	RemoteAgent	WARN	TLS certificate errors will be ignored for this session
console.warn: SearchSettings: "get: No settings file exists, new profile?" (new NotFoundError("Could not open the file at C:\\Users\\jpvil\\AppData\\Local\\Temp\\rust_mozprofilenf3MsQ\\search.json.mozlz4", (void 0)))
1674478925824	Marionette	INFO	Stopped listening on port 61982
Dynamically enable window occlusion 1
JavaScript error: chrome://remote/content/marionette/cert.sys.mjs, line 51: NS_ERROR_NOT_AVAILABLE: Component returned failure code: 0x80040111 (NS_ERROR_NOT_AVAILABLE) [nsICertOverrideService.setDisableAllSecurityChecksAndLetAttackersInterceptMyData]
WARNING: A blocker encountered an error while we were waiting.
          Blocker:  Waiting for ping task
          Phase: TelemetryController: Waiting for pending ping activity
          State: (none)
WARNING: Error: Phase "profile-before-change" is finished, it is too late to register completion condition "OS.File: flush I/O queued before profileBeforeChange"
WARNING: addBlocker@resource://gre/modules/AsyncShutdown.jsm:718:15
addBlocker@resource://gre/modules/AsyncShutdown.jsm:523:26
addBlocker@resource://gre/modules/AsyncShutdown.jsm:462:15
setupShutdown@resource://gre/modules/osfile/osfile_async_front.jsm:1548:28
@resource://gre/modules/osfile/osfile_async_front.jsm:1568:16
@resource://gre/modules/osfile.jsm:12:30
@resource://gre/modules/TelemetryStorage.jsm:19:28
promiseArchivePing@resource://gre/modules/TelemetryArchive.jsm:103:5
promiseArchivePing@resource://gre/modules/TelemetryArchive.jsm:63:33
_submitPingLogic@resource://gre/modules/TelemetryControllerParent.jsm:540:48
send@resource://gre/modules/TelemetryControllerParent.jsm:628:24
submitExternalPing@resource://gre/modules/TelemetryControllerParent.jsm:182:17
sendPing@resource://gre/modules/EventPing.jsm:51:30
_submitPing@resource://gre/modules/EventPing.jsm:229:12
shutdown@resource://gre/modules/EventPing.jsm:112:10
_cleanupOnShutdown@resource://gre/modules/TelemetryControllerParent.jsm:940:31
shutdown/<@resource://gre/modules/TelemetryControllerParent.jsm:1010:24
observe@resource://gre/modules/AsyncShutdown.jsm:572:16

WARNING: A blocker encountered an error while we were waiting.
          Blocker:  Waiting for ping task
          Phase: TelemetryController: Waiting for pending ping activity
          State: (none)
WARNING: Error: Phase "profile-before-change" is finished, it is too late to register completion condition "OS.File: flush I/O queued before profileBeforeChange"
WARNING: addBlocker@resource://gre/modules/AsyncShutdown.jsm:718:15
addBlocker@resource://gre/modules/AsyncShutdown.jsm:523:26
addBlocker@resource://gre/modules/AsyncShutdown.jsm:462:15
setupShutdown@resource://gre/modules/osfile/osfile_async_front.jsm:1548:28
@resource://gre/modules/osfile/osfile_async_front.jsm:1568:16
@resource://gre/modules/osfile.jsm:12:30
@resource://gre/modules/TelemetryStorage.jsm:19:28
promiseArchivePing@resource://gre/modules/TelemetryArchive.jsm:103:5
promiseArchivePing@resource://gre/modules/TelemetryArchive.jsm:63:33
_submitPingLogic@resource://gre/modules/TelemetryControllerParent.jsm:540:48
send@resource://gre/modules/TelemetryControllerParent.jsm:628:24
submitExternalPing@resource://gre/modules/TelemetryControllerParent.jsm:182:17
saveShutdownPings@resource://gre/modules/TelemetrySession.jsm:982:34
shutdownChromeProcess/cleanup/<@resource://gre/modules/TelemetrySession.jsm:1232:20
cleanup@resource://gre/modules/TelemetrySession.jsm:1239:9
shutdownChromeProcess@resource://gre/modules/TelemetrySession.jsm:1256:14
shutdown@resource://gre/modules/TelemetrySession.jsm:247:17
_cleanupOnShutdown@resource://gre/modules/TelemetryControllerParent.jsm:959:35
observe@resource://gre/modules/AsyncShutdown.jsm:572:16

WARNING: A blocker encountered an error while we were waiting.
          Blocker:  Waiting for ping task
          Phase: TelemetryController: Waiting for pending ping activity
          State: (none)
WARNING: Error: Phase "profile-before-change" is finished, it is too late to register completion condition "OS.File: flush I/O queued before profileBeforeChange"
WARNING: addBlocker@resource://gre/modules/AsyncShutdown.jsm:718:15
addBlocker@resource://gre/modules/AsyncShutdown.jsm:523:26
addBlocker@resource://gre/modules/AsyncShutdown.jsm:462:15
setupShutdown@resource://gre/modules/osfile/osfile_async_front.jsm:1548:28
@resource://gre/modules/osfile/osfile_async_front.jsm:1568:16
@resource://gre/modules/osfile.jsm:12:30
@resource://gre/modules/TelemetryStorage.jsm:19:28
promiseArchivePing@resource://gre/modules/TelemetryArchive.jsm:103:5
promiseArchivePing@resource://gre/modules/TelemetryArchive.jsm:63:33
_submitPingLogic@resource://gre/modules/TelemetryControllerParent.jsm:540:48
send@resource://gre/modules/TelemetryControllerParent.jsm:628:24
submitExternalPing@resource://gre/modules/TelemetryControllerParent.jsm:182:17
saveShutdownPings@resource://gre/modules/TelemetrySession.jsm:1014:36
shutdownChromeProcess/cleanup/<@resource://gre/modules/TelemetrySession.jsm:1232:20
cleanup@resource://gre/modules/TelemetrySession.jsm:1239:9
shutdownChromeProcess@resource://gre/modules/TelemetrySession.jsm:1256:14
shutdown@resource://gre/modules/TelemetrySession.jsm:247:17
_cleanupOnShutdown@resource://gre/modules/TelemetryControllerParent.jsm:959:35
observe@resource://gre/modules/AsyncShutdown.jsm:572:16

WARNING: A blocker encountered an error while we were waiting.
          Blocker:  TelemetryController: shutting down
          Phase: profile-before-change-telemetry
          State: Error getting state: Error: Phase "profile-before-change" is finished, it is too late to register completion condition "OS.File: flush I/O queued before profileBeforeChange" at addBlocker@resource://gre/modules/AsyncShutdown.jsm:718:15
addBlocker@resource://gre/modules/AsyncShutdown.jsm:523:26
addBlocker@resource://gre/modules/AsyncShutdown.jsm:462:15
setupShutdown@resource://gre/modules/osfile/osfile_async_front.jsm:1548:28
@resource://gre/modules/osfile/osfile_async_front.jsm:1568:16
@resource://gre/modules/osfile.jsm:12:30
@resource://gre/modules/TelemetryStorage.jsm:19:28
getShutdownState@resource://gre/modules/TelemetrySend.jsm:1692:7
getShutdownState@resource://gre/modules/TelemetrySend.jsm:374:30
_getState@resource://gre/modules/TelemetryControllerParent.jsm:1058:38
setupTelemetry/<@resource://gre/modules/TelemetryControllerParent.jsm:917:18
safeGetState@resource://gre/modules/AsyncShutdown.jsm:254:17
Barrier/_internalAddBlocker/promise<@resource://gre/modules/AsyncShutdown.jsm:773:20
observe@resource://gre/modules/AsyncShutdown.jsm:572:16

WARNING: Error: Phase "profile-before-change" is finished, it is too late to register completion condition "OS.File: flush I/O queued before profileBeforeChange"
WARNING: addBlocker@resource://gre/modules/AsyncShutdown.jsm:718:15
addBlocker@resource://gre/modules/AsyncShutdown.jsm:523:26
addBlocker@resource://gre/modules/AsyncShutdown.jsm:462:15
setupShutdown@resource://gre/modules/osfile/osfile_async_front.jsm:1548:28
@resource://gre/modules/osfile/osfile_async_front.jsm:1568:16
@resource://gre/modules/osfile.jsm:12:30
@resource://gre/modules/TelemetryStorage.jsm:19:28
removeAbortedSessionPing@resource://gre/modules/TelemetryControllerParent.jsm:721:5
removeAbortedSessionPing@resource://gre/modules/TelemetryControllerParent.jsm:249:17
shutdownChromeProcess/cleanup/<@resource://gre/modules/TelemetrySession.jsm:1235:42
observe@resource://gre/modules/AsyncShutdown.jsm:572:16

JavaScript error: resource://gre/modules/AsyncShutdown.jsm, line 718: Error: Phase "profile-before-change" is finished, it is too late to register completion condition "OS.File: flush I/O queued before profileBeforeChange"
JavaScript error: resource://gre/modules/AsyncShutdown.jsm, line 718: Error: Phase "profile-before-change" is finished, it is too late to register completion condition "OS.File: flush I/O queued before profileBeforeChange"
JavaScript error: resource://gre/modules/AsyncShutdown.jsm, line 718: Error: Phase "profile-before-change" is finished, it is too late to register completion condition "OS.File: flush I/O queued before profileBeforeChange"
JavaScript error: resource://gre/modules/AsyncShutdown.jsm, line 718: Error: Phase "profile-before-change" is finished, it is too late to register completion condition "OS.File: flush I/O queued before profileBeforeChange"
JavaScript error: resource://gre/modules/AsyncShutdown.jsm, line 718: Error: Phase "profile-before-change" is finished, it is too late to register completion condition "OS.File: flush I/O queued before profileBeforeChange"
JavaScript error: resource://gre/modules/AsyncShutdown.jsm, line 718: Error: Phase "profile-before-change" is finished, it is too late to register completion condition "OS.File: flush I/O queued before profileBeforeChange"
1674478955748	geckodriver	INFO	Listening on 127.0.0.1:62076
1674478958798	mozrunner::runner	INFO	Running command: "C:\\Program Files\\Mozilla Firefox\\firefox.exe" "--marionette" "-no-remote" "-profile" "C:\\Users\\jpvil\\AppData\\Local\\Temp\\rust_mozprofileRq4On9"
1674478959099	Marionette	INFO	Marionette enabled
Dynamically enable window occlusion 0
1674478959104	Marionette	INFO	Listening on port 62088
Read port: 62088
1674478959227	RemoteAgent	WARN	TLS certificate errors will be ignored for this session
console.warn: SearchSettings: "get: No settings file exists, new profile?" (new NotFoundError("Could not open the file at C:\\Users\\jpvil\\AppData\\Local\\Temp\\rust_mozprofileRq4On9\\search.json.mozlz4", (void 0)))
1674478985965	Marionette	INFO	Stopped listening on port 62088
Dynamically enable window occlusion 1
JavaScript error: chrome://remote/content/marionette/cert.sys.mjs, line 51: NS_ERROR_NOT_AVAILABLE: Component returned failure code: 0x80040111 (NS_ERROR_NOT_AVAILABLE) [nsICertOverrideService.setDisableAllSecurityChecksAndLetAttackersInterceptMyData]
WARNING: A blocker encountered an error while we were waiting.
          Blocker:  Waiting for ping task
          Phase: TelemetryController: Waiting for pending ping activity
          State: (none)
WARNING: Error: Phase "profile-before-change" is finished, it is too late to register completion condition "OS.File: flush I/O queued before profileBeforeChange"
WARNING: addBlocker@resource://gre/modules/AsyncShutdown.jsm:718:15
addBlocker@resource://gre/modules/AsyncShutdown.jsm:523:26
addBlocker@resource://gre/modules/AsyncShutdown.jsm:462:15
setupShutdown@resource://gre/modules/osfile/osfile_async_front.jsm:1548:28
@resource://gre/modules/osfile/osfile_async_front.jsm:1568:16
@resource://gre/modules/osfile.jsm:12:30
@resource://gre/modules/TelemetryStorage.jsm:19:28
promiseArchivePing@resource://gre/modules/TelemetryArchive.jsm:103:5
promiseArchivePing@resource://gre/modules/TelemetryArchive.jsm:63:33
_submitPingLogic@resource://gre/modules/TelemetryControllerParent.jsm:540:48
send@resource://gre/modules/TelemetryControllerParent.jsm:628:24
submitExternalPing@resource://gre/modules/TelemetryControllerParent.jsm:182:17
sendPing@resource://gre/modules/EventPing.jsm:51:30
_submitPing@resource://gre/modules/EventPing.jsm:229:12
shutdown@resource://gre/modules/EventPing.jsm:112:10
_cleanupOnShutdown@resource://gre/modules/TelemetryControllerParent.jsm:940:31
shutdown/<@resource://gre/modules/TelemetryControllerParent.jsm:1010:24
observe@resource://gre/modules/AsyncShutdown.jsm:572:16

WARNING: A blocker encountered an error while we were waiting.
          Blocker:  Waiting for ping task
          Phase: TelemetryController: Waiting for pending ping activity
          State: (none)
WARNING: Error: Phase "profile-before-change" is finished, it is too late to register completion condition "OS.File: flush I/O queued before profileBeforeChange"
WARNING: addBlocker@resource://gre/modules/AsyncShutdown.jsm:718:15
addBlocker@resource://gre/modules/AsyncShutdown.jsm:523:26
addBlocker@resource://gre/modules/AsyncShutdown.jsm:462:15
setupShutdown@resource://gre/modules/osfile/osfile_async_front.jsm:1548:28
@resource://gre/modules/osfile/osfile_async_front.jsm:1568:16
@resource://gre/modules/osfile.jsm:12:30
@resource://gre/modules/TelemetryStorage.jsm:19:28
promiseArchivePing@resource://gre/modules/TelemetryArchive.jsm:103:5
promiseArchivePing@resource://gre/modules/TelemetryArchive.jsm:63:33
_submitPingLogic@resource://gre/modules/TelemetryControllerParent.jsm:540:48
send@resource://gre/modules/TelemetryControllerParent.jsm:628:24
submitExternalPing@resource://gre/modules/TelemetryControllerParent.jsm:182:17
saveShutdownPings@resource://gre/modules/TelemetrySession.jsm:982:34
shutdownChromeProcess/cleanup/<@resource://gre/modules/TelemetrySession.jsm:1232:20
cleanup@resource://gre/modules/TelemetrySession.jsm:1239:9
shutdownChromeProcess@resource://gre/modules/TelemetrySession.jsm:1256:14
shutdown@resource://gre/modules/TelemetrySession.jsm:247:17
_cleanupOnShutdown@resource://gre/modules/TelemetryControllerParent.jsm:959:35
observe@resource://gre/modules/AsyncShutdown.jsm:572:16

WARNING: A blocker encountered an error while we were waiting.
          Blocker:  Waiting for ping task
          Phase: TelemetryController: Waiting for pending ping activity
          State: (none)
WARNING: Error: Phase "profile-before-change" is finished, it is too late to register completion condition "OS.File: flush I/O queued before profileBeforeChange"
WARNING: addBlocker@resource://gre/modules/AsyncShutdown.jsm:718:15
addBlocker@resource://gre/modules/AsyncShutdown.jsm:523:26
addBlocker@resource://gre/modules/AsyncShutdown.jsm:462:15
setupShutdown@resource://gre/modules/osfile/osfile_async_front.jsm:1548:28
@resource://gre/modules/osfile/osfile_async_front.jsm:1568:16
@resource://gre/modules/osfile.jsm:12:30
@resource://gre/modules/TelemetryStorage.jsm:19:28
promiseArchivePing@resource://gre/modules/TelemetryArchive.jsm:103:5
promiseArchivePing@resource://gre/modules/TelemetryArchive.jsm:63:33
_submitPingLogic@resource://gre/modules/TelemetryControllerParent.jsm:540:48
send@resource://gre/modules/TelemetryControllerParent.jsm:628:24
submitExternalPing@resource://gre/modules/TelemetryControllerParent.jsm:182:17
saveShutdownPings@resource://gre/modules/TelemetrySession.jsm:1014:36
shutdownChromeProcess/cleanup/<@resource://gre/modules/TelemetrySession.jsm:1232:20
cleanup@resource://gre/modules/TelemetrySession.jsm:1239:9
shutdownChromeProcess@resource://gre/modules/TelemetrySession.jsm:1256:14
shutdown@resource://gre/modules/TelemetrySession.jsm:247:17
_cleanupOnShutdown@resource://gre/modules/TelemetryControllerParent.jsm:959:35
observe@resource://gre/modules/AsyncShutdown.jsm:572:16

WARNING: A blocker encountered an error while we were waiting.
          Blocker:  TelemetryController: shutting down
          Phase: profile-before-change-telemetry
          State: Error getting state: Error: Phase "profile-before-change" is finished, it is too late to register completion condition "OS.File: flush I/O queued before profileBeforeChange" at addBlocker@resource://gre/modules/AsyncShutdown.jsm:718:15
addBlocker@resource://gre/modules/AsyncShutdown.jsm:523:26
addBlocker@resource://gre/modules/AsyncShutdown.jsm:462:15
setupShutdown@resource://gre/modules/osfile/osfile_async_front.jsm:1548:28
@resource://gre/modules/osfile/osfile_async_front.jsm:1568:16
@resource://gre/modules/osfile.jsm:12:30
@resource://gre/modules/TelemetryStorage.jsm:19:28
getShutdownState@resource://gre/modules/TelemetrySend.jsm:1692:7
getShutdownState@resource://gre/modules/TelemetrySend.jsm:374:30
_getState@resource://gre/modules/TelemetryControllerParent.jsm:1058:38
setupTelemetry/<@resource://gre/modules/TelemetryControllerParent.jsm:917:18
safeGetState@resource://gre/modules/AsyncShutdown.jsm:254:17
Barrier/_internalAddBlocker/promise<@resource://gre/modules/AsyncShutdown.jsm:773:20
observe@resource://gre/modules/AsyncShutdown.jsm:572:16

WARNING: Error: Phase "profile-before-change" is finished, it is too late to register completion condition "OS.File: flush I/O queued before profileBeforeChange"
WARNING: addBlocker@resource://gre/modules/AsyncShutdown.jsm:718:15
addBlocker@resource://gre/modules/AsyncShutdown.jsm:523:26
addBlocker@resource://gre/modules/AsyncShutdown.jsm:462:15
setupShutdown@resource://gre/modules/osfile/osfile_async_front.jsm:1548:28
@resource://gre/modules/osfile/osfile_async_front.jsm:1568:16
@resource://gre/modules/osfile.jsm:12:30
@resource://gre/modules/TelemetryStorage.jsm:19:28
removeAbortedSessionPing@resource://gre/modules/TelemetryControllerParent.jsm:721:5
removeAbortedSessionPing@resource://gre/modules/TelemetryControllerParent.jsm:249:17
shutdownChromeProcess/cleanup/<@resource://gre/modules/TelemetrySession.jsm:1235:42
observe@resource://gre/modules/AsyncShutdown.jsm:572:16

JavaScript error: resource://gre/modules/AsyncShutdown.jsm, line 718: Error: Phase "profile-before-change" is finished, it is too late to register completion condition "OS.File: flush I/O queued before profileBeforeChange"
JavaScript error: resource://gre/modules/AsyncShutdown.jsm, line 718: Error: Phase "profile-before-change" is finished, it is too late to register completion condition "OS.File: flush I/O queued before profileBeforeChange"
JavaScript error: resource://gre/modules/AsyncShutdown.jsm, line 718: Error: Phase "profile-before-change" is finished, it is too late to register completion condition "OS.File: flush I/O queued before profileBeforeChange"
JavaScript error: resource://gre/modules/AsyncShutdown.jsm, line 718: Error: Phase "profile-before-change" is finished, it is too late to register completion condition "OS.File: flush I/O queued before profileBeforeChange"
JavaScript error: resource://gre/modules/AsyncShutdown.jsm, line 718: Error: Phase "profile-before-change" is finished, it is too late to register completion condition "OS.File: flush I/O queued before profileBeforeChange"
JavaScript error: resource://gre/modules/AsyncShutdown.jsm, line 718: Error: Phase "profile-before-change" is finished, it is too late to register completion condition "OS.File: flush I/O queued before profileBeforeChange"
1674478986700	geckodriver	INFO	Listening on 127.0.0.1:62134
1674478989752	mozrunner::runner	INFO	Running command: "C:\\Program Files\\Mozilla Firefox\\firefox.exe" "--marionette" "-no-remote" "-profile" "C:\\Users\\jpvil\\AppData\\Local\\Temp\\rust_mozprofilenNgjnd"
1674478990046	Marionette	INFO	Marionette enabled
Dynamically enable window occlusion 0
1674478990051	Marionette	INFO	Listening on port 62149
Read port: 62149
1674478990185	RemoteAgent	WARN	TLS certificate errors will be ignored for this session
console.warn: SearchSettings: "get: No settings file exists, new profile?" (new NotFoundError("Could not open the file at C:\\Users\\jpvil\\AppData\\Local\\Temp\\rust_mozprofilenNgjnd\\search.json.mozlz4", (void 0)))
JavaScript error: , line 0: NS_ERROR_NOT_AVAILABLE
JavaScript error: , line 0: NS_ERROR_NOT_AVAILABLE
1674631374340	geckodriver	INFO	Listening on 127.0.0.1:52728
1674631377382	mozrunner::runner	INFO	Running command: "C:\\Program Files\\Mozilla Firefox\\firefox.exe" "--marionette" "-no-remote" "-profile" "C:\\Users\\jpvil\\AppData\\Local\\Temp\\rust_mozprofile58owbA"
1674631377850	Marionette	INFO	Marionette enabled
Dynamically enable window occlusion 0
1674631377856	Marionette	INFO	Listening on port 52738
Read port: 52738
1674631378154	RemoteAgent	WARN	TLS certificate errors will be ignored for this session
console.warn: SearchSettings: "get: No settings file exists, new profile?" (new NotFoundError("Could not open the file at C:\\Users\\jpvil\\AppData\\Local\\Temp\\rust_mozprofile58owbA\\search.json.mozlz4", (void 0)))
1674631427108	geckodriver	INFO	Listening on 127.0.0.1:52794
1674631430180	mozrunner::runner	INFO	Running command: "C:\\Program Files\\Mozilla Firefox\\firefox.exe" "--marionette" "-no-remote" "-profile" "C:\\Users\\jpvil\\AppData\\Local\\Temp\\rust_mozprofileOSNhMp"
1674631430515	Marionette	INFO	Marionette enabled
Dynamically enable window occlusion 0
1674631430520	Marionette	INFO	Listening on port 52804
Read port: 52804
1674631430842	RemoteAgent	WARN	TLS certificate errors will be ignored for this session
console.warn: SearchSettings: "get: No settings file exists, new profile?" (new NotFoundError("Could not open the file at C:\\Users\\jpvil\\AppData\\Local\\Temp\\rust_mozprofileOSNhMp\\search.json.mozlz4", (void 0)))
1674631447501	geckodriver	INFO	Listening on 127.0.0.1:52836
1674631450589	mozrunner::runner	INFO	Running command: "C:\\Program Files\\Mozilla Firefox\\firefox.exe" "--marionette" "-no-remote" "-profile" "C:\\Users\\jpvil\\AppData\\Local\\Temp\\rust_mozprofilei5Jthb"
1674631450901	Marionette	INFO	Marionette enabled
Dynamically enable window occlusion 0
1674631450906	Marionette	INFO	Listening on port 52849
Read port: 52849
1674631451182	RemoteAgent	WARN	TLS certificate errors will be ignored for this session
console.warn: SearchSettings: "get: No settings file exists, new profile?" (new NotFoundError("Could not open the file at C:\\Users\\jpvil\\AppData\\Local\\Temp\\rust_mozprofilei5Jthb\\search.json.mozlz4", (void 0)))
1674631547779	geckodriver	INFO	Listening on 127.0.0.1:52979
1674631550857	mozrunner::runner	INFO	Running command: "C:\\Program Files\\Mozilla Firefox\\firefox.exe" "--marionette" "-no-remote" "-profile" "C:\\Users\\jpvil\\AppData\\Local\\Temp\\rust_mozprofilenLMjQJ"
1674631551184	Marionette	INFO	Marionette enabled
Dynamically enable window occlusion 0
1674631551189	Marionette	INFO	Listening on port 52995
Read port: 52995
1674631551529	RemoteAgent	WARN	TLS certificate errors will be ignored for this session
console.warn: SearchSettings: "get: No settings file exists, new profile?" (new NotFoundError("Could not open the file at C:\\Users\\jpvil\\AppData\\Local\\Temp\\rust_mozprofilenLMjQJ\\search.json.mozlz4", (void 0)))
JavaScript error: , line 0: NS_ERROR_NOT_AVAILABLE
JavaScript error: , line 0: NS_ERROR_NOT_AVAILABLE
1674764904145	geckodriver	INFO	Listening on 127.0.0.1:52648
1674764907206	mozrunner::runner	INFO	Running command: "C:\\Program Files\\Mozilla Firefox\\firefox.exe" "--marionette" "-no-remote" "-profile" "C:\\Users\\jpvil\\AppData\\Local\\Temp\\rust_mozprofileyP6h7j"
1674764907813	Marionette	INFO	Marionette enabled
Dynamically enable window occlusion 0
1674764907819	Marionette	INFO	Listening on port 52660
Read port: 52660
1674764908291	RemoteAgent	WARN	TLS certificate errors will be ignored for this session
console.warn: SearchSettings: "get: No settings file exists, new profile?" (new NotFoundError("Could not open the file at C:\\Users\\jpvil\\AppData\\Local\\Temp\\rust_mozprofileyP6h7j\\search.json.mozlz4", (void 0)))
1674765723127	geckodriver	INFO	Listening on 127.0.0.1:55189
1674765726169	mozrunner::runner	INFO	Running command: "C:\\Program Files\\Mozilla Firefox\\firefox.exe" "--marionette" "-no-remote" "-profile" "C:\\Users\\jpvil\\AppData\\Local\\Temp\\rust_mozprofileGbCQoJ"
1674765726551	Marionette	INFO	Marionette enabled
Dynamically enable window occlusion 0
1674765726558	Marionette	INFO	Listening on port 55202
Read port: 55202
1674765727002	RemoteAgent	WARN	TLS certificate errors will be ignored for this session
console.warn: SearchSettings: "get: No settings file exists, new profile?" (new NotFoundError("Could not open the file at C:\\Users\\jpvil\\AppData\\Local\\Temp\\rust_mozprofileGbCQoJ\\search.json.mozlz4", (void 0)))
1674765792000	geckodriver	INFO	Listening on 127.0.0.1:55445
1674765795077	mozrunner::runner	INFO	Running command: "C:\\Program Files\\Mozilla Firefox\\firefox.exe" "--marionette" "-no-remote" "-profile" "C:\\Users\\jpvil\\AppData\\Local\\Temp\\rust_mozprofileChfvyL"
1674765795402	Marionette	INFO	Marionette enabled
Dynamically enable window occlusion 0
1674765795407	Marionette	INFO	Listening on port 55468
Read port: 55468
1674765795736	RemoteAgent	WARN	TLS certificate errors will be ignored for this session
console.warn: SearchSettings: "get: No settings file exists, new profile?" (new NotFoundError("Could not open the file at C:\\Users\\jpvil\\AppData\\Local\\Temp\\rust_mozprofileChfvyL\\search.json.mozlz4", (void 0)))
1674765882882	geckodriver	INFO	Listening on 127.0.0.1:55640
1674765885945	mozrunner::runner	INFO	Running command: "C:\\Program Files\\Mozilla Firefox\\firefox.exe" "--marionette" "-no-remote" "-profile" "C:\\Users\\jpvil\\AppData\\Local\\Temp\\rust_mozprofileHhjEa2"
1674765886292	Marionette	INFO	Marionette enabled
Dynamically enable window occlusion 0
1674765886298	Marionette	INFO	Listening on port 55658
Read port: 55658
1674765886591	RemoteAgent	WARN	TLS certificate errors will be ignored for this session
console.warn: SearchSettings: "get: No settings file exists, new profile?" (new NotFoundError("Could not open the file at C:\\Users\\jpvil\\AppData\\Local\\Temp\\rust_mozprofileHhjEa2\\search.json.mozlz4", (void 0)))
1674765942673	geckodriver	INFO	Listening on 127.0.0.1:55800
1674765945741	mozrunner::runner	INFO	Running command: "C:\\Program Files\\Mozilla Firefox\\firefox.exe" "--marionette" "-no-remote" "-profile" "C:\\Users\\jpvil\\AppData\\Local\\Temp\\rust_mozprofile2QwwmL"
1674765946064	Marionette	INFO	Marionette enabled
Dynamically enable window occlusion 0
1674765946070	Marionette	INFO	Listening on port 55817
Read port: 55817
1674765946369	RemoteAgent	WARN	TLS certificate errors will be ignored for this session
console.warn: SearchSettings: "get: No settings file exists, new profile?" (new NotFoundError("Could not open the file at C:\\Users\\jpvil\\AppData\\Local\\Temp\\rust_mozprofile2QwwmL\\search.json.mozlz4", (void 0)))
1674766045554	geckodriver	INFO	Listening on 127.0.0.1:56043
1674766048595	mozrunner::runner	INFO	Running command: "C:\\Program Files\\Mozilla Firefox\\firefox.exe" "--marionette" "-no-remote" "-profile" "C:\\Users\\jpvil\\AppData\\Local\\Temp\\rust_mozprofileC3I1W5"
1674766048917	Marionette	INFO	Marionette enabled
Dynamically enable window occlusion 0
1674766048922	Marionette	INFO	Listening on port 56059
Read port: 56059
1674766049216	RemoteAgent	WARN	TLS certificate errors will be ignored for this session
console.warn: SearchSettings: "get: No settings file exists, new profile?" (new NotFoundError("Could not open the file at C:\\Users\\jpvil\\AppData\\Local\\Temp\\rust_mozprofileC3I1W5\\search.json.mozlz4", (void 0)))
1674767000769	geckodriver	INFO	Listening on 127.0.0.1:59131
1674767003813	mozrunner::runner	INFO	Running command: "C:\\Program Files\\Mozilla Firefox\\firefox.exe" "--marionette" "-no-remote" "-profile" "C:\\Users\\jpvil\\AppData\\Local\\Temp\\rust_mozprofileplEACK"
1674767004152	Marionette	INFO	Marionette enabled
Dynamically enable window occlusion 0
1674767004157	Marionette	INFO	Listening on port 59148
Read port: 59148
1674767004437	RemoteAgent	WARN	TLS certificate errors will be ignored for this session
console.warn: SearchSettings: "get: No settings file exists, new profile?" (new NotFoundError("Could not open the file at C:\\Users\\jpvil\\AppData\\Local\\Temp\\rust_mozprofileplEACK\\search.json.mozlz4", (void 0)))
1674767053129	geckodriver	INFO	Listening on 127.0.0.1:59318
1674767056157	mozrunner::runner	INFO	Running command: "C:\\Program Files\\Mozilla Firefox\\firefox.exe" "--marionette" "-no-remote" "-profile" "C:\\Users\\jpvil\\AppData\\Local\\Temp\\rust_mozprofileZLc0vF"
1674767056471	Marionette	INFO	Marionette enabled
Dynamically enable window occlusion 0
1674767056477	Marionette	INFO	Listening on port 59332
Read port: 59332
1674767056755	RemoteAgent	WARN	TLS certificate errors will be ignored for this session
console.warn: SearchSettings: "get: No settings file exists, new profile?" (new NotFoundError("Could not open the file at C:\\Users\\jpvil\\AppData\\Local\\Temp\\rust_mozprofileZLc0vF\\search.json.mozlz4", (void 0)))
1674767112464	geckodriver	INFO	Listening on 127.0.0.1:59383
1674767115492	mozrunner::runner	INFO	Running command: "C:\\Program Files\\Mozilla Firefox\\firefox.exe" "--marionette" "-no-remote" "-profile" "C:\\Users\\jpvil\\AppData\\Local\\Temp\\rust_mozprofilecpCCsX"
1674767115819	Marionette	INFO	Marionette enabled
Dynamically enable window occlusion 0
1674767115824	Marionette	INFO	Listening on port 59398
Read port: 59398
1674767116107	RemoteAgent	WARN	TLS certificate errors will be ignored for this session
console.warn: SearchSettings: "get: No settings file exists, new profile?" (new NotFoundError("Could not open the file at C:\\Users\\jpvil\\AppData\\Local\\Temp\\rust_mozprofilecpCCsX\\search.json.mozlz4", (void 0)))
1674767238336	geckodriver	INFO	Listening on 127.0.0.1:59730
1674767241374	mozrunner::runner	INFO	Running command: "C:\\Program Files\\Mozilla Firefox\\firefox.exe" "--marionette" "-no-remote" "-profile" "C:\\Users\\jpvil\\AppData\\Local\\Temp\\rust_mozprofileDN3iyl"
1674767241795	Marionette	INFO	Marionette enabled
Dynamically enable window occlusion 0
1674767241802	Marionette	INFO	Listening on port 59747
Read port: 59747
1674767242103	RemoteAgent	WARN	TLS certificate errors will be ignored for this session
console.warn: SearchSettings: "get: No settings file exists, new profile?" (new NotFoundError("Could not open the file at C:\\Users\\jpvil\\AppData\\Local\\Temp\\rust_mozprofileDN3iyl\\search.json.mozlz4", (void 0)))
1674767330523	geckodriver	INFO	Listening on 127.0.0.1:59927
1674767333582	mozrunner::runner	INFO	Running command: "C:\\Program Files\\Mozilla Firefox\\firefox.exe" "--marionette" "-no-remote" "-profile" "C:\\Users\\jpvil\\AppData\\Local\\Temp\\rust_mozprofilejH6uza"
1674767333887	Marionette	INFO	Marionette enabled
Dynamically enable window occlusion 0
1674767333892	Marionette	INFO	Listening on port 59937
Read port: 59937
1674767334221	RemoteAgent	WARN	TLS certificate errors will be ignored for this session
console.warn: SearchSettings: "get: No settings file exists, new profile?" (new NotFoundError("Could not open the file at C:\\Users\\jpvil\\AppData\\Local\\Temp\\rust_mozprofilejH6uza\\search.json.mozlz4", (void 0)))
1674767535004	geckodriver	INFO	Listening on 127.0.0.1:60545
1674767538051	mozrunner::runner	INFO	Running command: "C:\\Program Files\\Mozilla Firefox\\firefox.exe" "--marionette" "-no-remote" "-profile" "C:\\Users\\jpvil\\AppData\\Local\\Temp\\rust_mozprofileeCUjIi"
1674767538374	Marionette	INFO	Marionette enabled
Dynamically enable window occlusion 0
1674767538379	Marionette	INFO	Listening on port 60555
Read port: 60555
1674767538721	RemoteAgent	WARN	TLS certificate errors will be ignored for this session
console.warn: SearchSettings: "get: No settings file exists, new profile?" (new NotFoundError("Could not open the file at C:\\Users\\jpvil\\AppData\\Local\\Temp\\rust_mozprofileeCUjIi\\search.json.mozlz4", (void 0)))
1674767586722	geckodriver	INFO	Listening on 127.0.0.1:60737
1674767589761	mozrunner::runner	INFO	Running command: "C:\\Program Files\\Mozilla Firefox\\firefox.exe" "--marionette" "-no-remote" "-profile" "C:\\Users\\jpvil\\AppData\\Local\\Temp\\rust_mozprofileZmyZC4"
1674767590118	Marionette	INFO	Marionette enabled
Dynamically enable window occlusion 0
1674767590125	Marionette	INFO	Listening on port 60754
Read port: 60754
1674767590422	RemoteAgent	WARN	TLS certificate errors will be ignored for this session
console.warn: SearchSettings: "get: No settings file exists, new profile?" (new NotFoundError("Could not open the file at C:\\Users\\jpvil\\AppData\\Local\\Temp\\rust_mozprofileZmyZC4\\search.json.mozlz4", (void 0)))
1674767707964	geckodriver	INFO	Listening on 127.0.0.1:61234
1674767711010	mozrunner::runner	INFO	Running command: "C:\\Program Files\\Mozilla Firefox\\firefox.exe" "--marionette" "-no-remote" "-profile" "C:\\Users\\jpvil\\AppData\\Local\\Temp\\rust_mozprofileHe370W"
1674767711334	Marionette	INFO	Marionette enabled
Dynamically enable window occlusion 0
1674767711338	Marionette	INFO	Listening on port 61249
Read port: 61249
1674767711618	RemoteAgent	WARN	TLS certificate errors will be ignored for this session
console.warn: SearchSettings: "get: No settings file exists, new profile?" (new NotFoundError("Could not open the file at C:\\Users\\jpvil\\AppData\\Local\\Temp\\rust_mozprofileHe370W\\search.json.mozlz4", (void 0)))
1674767800254	geckodriver	INFO	Listening on 127.0.0.1:61488
1674767803287	mozrunner::runner	INFO	Running command: "C:\\Program Files\\Mozilla Firefox\\firefox.exe" "--marionette" "-no-remote" "-profile" "C:\\Users\\jpvil\\AppData\\Local\\Temp\\rust_mozprofile01vneF"
1674767803641	Marionette	INFO	Marionette enabled
Dynamically enable window occlusion 0
1674767803647	Marionette	INFO	Listening on port 61506
Read port: 61506
1674767804007	RemoteAgent	WARN	TLS certificate errors will be ignored for this session
console.warn: SearchSettings: "get: No settings file exists, new profile?" (new NotFoundError("Could not open the file at C:\\Users\\jpvil\\AppData\\Local\\Temp\\rust_mozprofile01vneF\\search.json.mozlz4", (void 0)))
1674768064661	geckodriver	INFO	Listening on 127.0.0.1:63352
1674768067699	mozrunner::runner	INFO	Running command: "C:\\Program Files\\Mozilla Firefox\\firefox.exe" "--marionette" "-no-remote" "-profile" "C:\\Users\\jpvil\\AppData\\Local\\Temp\\rust_mozprofilenVfx76"
1674768068084	Marionette	INFO	Marionette enabled
Dynamically enable window occlusion 0
1674768068091	Marionette	INFO	Listening on port 63383
Read port: 63383
1674768068446	RemoteAgent	WARN	TLS certificate errors will be ignored for this session
console.warn: SearchSettings: "get: No settings file exists, new profile?" (new NotFoundError("Could not open the file at C:\\Users\\jpvil\\AppData\\Local\\Temp\\rust_mozprofilenVfx76\\search.json.mozlz4", (void 0)))
1674768363212	geckodriver	INFO	Listening on 127.0.0.1:64301
1674768366249	mozrunner::runner	INFO	Running command: "C:\\Program Files\\Mozilla Firefox\\firefox.exe" "--marionette" "-no-remote" "-profile" "C:\\Users\\jpvil\\AppData\\Local\\Temp\\rust_mozprofilevYLLTo"
1674768366580	Marionette	INFO	Marionette enabled
Dynamically enable window occlusion 0
1674768366586	Marionette	INFO	Listening on port 64319
Read port: 64319
1674768366873	RemoteAgent	WARN	TLS certificate errors will be ignored for this session
console.warn: SearchSettings: "get: No settings file exists, new profile?" (new NotFoundError("Could not open the file at C:\\Users\\jpvil\\AppData\\Local\\Temp\\rust_mozprofilevYLLTo\\search.json.mozlz4", (void 0)))
1674768473294	geckodriver	INFO	Listening on 127.0.0.1:64610
1674768476333	mozrunner::runner	INFO	Running command: "C:\\Program Files\\Mozilla Firefox\\firefox.exe" "--marionette" "-no-remote" "-profile" "C:\\Users\\jpvil\\AppData\\Local\\Temp\\rust_mozprofileNoqiC6"
1674768476664	Marionette	INFO	Marionette enabled
Dynamically enable window occlusion 0
1674768476668	Marionette	INFO	Listening on port 64620
Read port: 64620
1674768476959	RemoteAgent	WARN	TLS certificate errors will be ignored for this session
console.warn: SearchSettings: "get: No settings file exists, new profile?" (new NotFoundError("Could not open the file at C:\\Users\\jpvil\\AppData\\Local\\Temp\\rust_mozprofileNoqiC6\\search.json.mozlz4", (void 0)))
1674768682005	geckodriver	INFO	Listening on 127.0.0.1:65433
1674768685074	mozrunner::runner	INFO	Running command: "C:\\Program Files\\Mozilla Firefox\\firefox.exe" "--marionette" "-no-remote" "-profile" "C:\\Users\\jpvil\\AppData\\Local\\Temp\\rust_mozprofileEr4HQ4"
1674768685477	Marionette	INFO	Marionette enabled
Dynamically enable window occlusion 0
1674768685484	Marionette	INFO	Listening on port 65451
Read port: 65451
1674768685859	RemoteAgent	WARN	TLS certificate errors will be ignored for this session
console.warn: SearchSettings: "get: No settings file exists, new profile?" (new NotFoundError("Could not open the file at C:\\Users\\jpvil\\AppData\\Local\\Temp\\rust_mozprofileEr4HQ4\\search.json.mozlz4", (void 0)))
1674768785278	geckodriver	INFO	Listening on 127.0.0.1:49273
1674768788354	mozrunner::runner	INFO	Running command: "C:\\Program Files\\Mozilla Firefox\\firefox.exe" "--marionette" "-no-remote" "-profile" "C:\\Users\\jpvil\\AppData\\Local\\Temp\\rust_mozprofile4kRlEw"
1674768788704	Marionette	INFO	Marionette enabled
Dynamically enable window occlusion 0
1674768788709	Marionette	INFO	Listening on port 49285
Read port: 49285
1674768789058	RemoteAgent	WARN	TLS certificate errors will be ignored for this session
console.warn: SearchSettings: "get: No settings file exists, new profile?" (new NotFoundError("Could not open the file at C:\\Users\\jpvil\\AppData\\Local\\Temp\\rust_mozprofile4kRlEw\\search.json.mozlz4", (void 0)))
1674768946168	geckodriver	INFO	Listening on 127.0.0.1:49964
1674768949216	mozrunner::runner	INFO	Running command: "C:\\Program Files\\Mozilla Firefox\\firefox.exe" "--marionette" "-no-remote" "-profile" "C:\\Users\\jpvil\\AppData\\Local\\Temp\\rust_mozprofile59QDlG"
1674768949566	Marionette	INFO	Marionette enabled
Dynamically enable window occlusion 0
1674768949571	Marionette	INFO	Listening on port 49977
Read port: 49977
1674768949899	RemoteAgent	WARN	TLS certificate errors will be ignored for this session
console.warn: SearchSettings: "get: No settings file exists, new profile?" (new NotFoundError("Could not open the file at C:\\Users\\jpvil\\AppData\\Local\\Temp\\rust_mozprofile59QDlG\\search.json.mozlz4", (void 0)))
1674769027766	geckodriver	INFO	Listening on 127.0.0.1:50152
1674769030824	mozrunner::runner	INFO	Running command: "C:\\Program Files\\Mozilla Firefox\\firefox.exe" "--marionette" "-no-remote" "-profile" "C:\\Users\\jpvil\\AppData\\Local\\Temp\\rust_mozprofileXljbJo"
1674769031135	Marionette	INFO	Marionette enabled
Dynamically enable window occlusion 0
1674769031140	Marionette	INFO	Listening on port 50165
Read port: 50165
1674769031423	RemoteAgent	WARN	TLS certificate errors will be ignored for this session
console.warn: SearchSettings: "get: No settings file exists, new profile?" (new NotFoundError("Could not open the file at C:\\Users\\jpvil\\AppData\\Local\\Temp\\rust_mozprofileXljbJo\\search.json.mozlz4", (void 0)))
1674769160211	geckodriver	INFO	Listening on 127.0.0.1:50532
1674769163279	mozrunner::runner	INFO	Running command: "C:\\Program Files\\Mozilla Firefox\\firefox.exe" "--marionette" "-no-remote" "-profile" "C:\\Users\\jpvil\\AppData\\Local\\Temp\\rust_mozprofilelAjgEH"
1674769163627	Marionette	INFO	Marionette enabled
Dynamically enable window occlusion 0
1674769163633	Marionette	INFO	Listening on port 50543
Read port: 50543
1674769163963	RemoteAgent	WARN	TLS certificate errors will be ignored for this session
console.warn: SearchSettings: "get: No settings file exists, new profile?" (new NotFoundError("Could not open the file at C:\\Users\\jpvil\\AppData\\Local\\Temp\\rust_mozprofilelAjgEH\\search.json.mozlz4", (void 0)))
JavaScript error: , line 0: NS_ERROR_NOT_AVAILABLE
